[2019-02-23 21:13:20 *29571.7]	WARNING	swSignalfd_onSignal (ERROR 707): Unable to find callback function for signal Hangup: 1.
[2019-02-23 21:13:20 *29570.6]	WARNING	swSignalfd_onSignal (ERROR 707): Unable to find callback function for signal Hangup: 1.
[2019-02-23 21:13:20 *29569.5]	WARNING	swSignalfd_onSignal (ERROR 707): Unable to find callback function for signal Hangup: 1.
[2019-02-23 21:13:20 *29568.4]	WARNING	swSignalfd_onSignal (ERROR 707): Unable to find callback function for signal Hangup: 1.
[2019-02-23 21:13:20 *29567.3]	WARNING	swSignalfd_onSignal (ERROR 707): Unable to find callback function for signal Hangup: 1.
[2019-02-23 21:13:20 *29566.2]	WARNING	swSignalfd_onSignal (ERROR 707): Unable to find callback function for signal Hangup: 1.
[2019-02-23 21:13:20 *29565.1]	WARNING	swSignalfd_onSignal (ERROR 707): Unable to find callback function for signal Hangup: 1.
[2019-02-23 21:13:20 *29564.0]	WARNING	swSignalfd_onSignal (ERROR 707): Unable to find callback function for signal Hangup: 1.
[2019-02-23 21:13:20 ^29563.15]	WARNING	swSignal_callback (ERROR 707): Unable to find callback function for signal Hangup: 1.
[2019-02-23 21:13:20 ^29562.14]	WARNING	swSignal_callback (ERROR 707): Unable to find callback function for signal Hangup: 1.
[2019-02-23 21:13:20 ^29561.13]	WARNING	swSignal_callback (ERROR 707): Unable to find callback function for signal Hangup: 1.
[2019-02-23 21:13:20 ^29560.12]	WARNING	swSignal_callback (ERROR 707): Unable to find callback function for signal Hangup: 1.
[2019-02-23 21:13:20 ^29559.11]	WARNING	swSignal_callback (ERROR 707): Unable to find callback function for signal Hangup: 1.
[2019-02-23 21:13:20 ^29558.10]	WARNING	swSignal_callback (ERROR 707): Unable to find callback function for signal Hangup: 1.
[2019-02-23 21:13:20 ^29557.9]	WARNING	swSignal_callback (ERROR 707): Unable to find callback function for signal Hangup: 1.
[2019-02-23 21:13:20 ^29556.8]	WARNING	swSignal_callback (ERROR 707): Unable to find callback function for signal Hangup: 1.
[2019-02-23 21:13:20 $29554.0]	WARNING	swSignal_callback (ERROR 707): Unable to find callback function for signal Hangup: 1.
[2019-02-23 21:13:20 #29553.1]	WARNING	swSignalfd_onSignal (ERROR 707): Unable to find callback function for signal Hangup: 1.
[2019-03-25 15:05:16 #29553.1]	NOTICE	Server is shutdown now.
[2019-03-25 16:05:50 *7377.7]	WARNING	swSignalfd_onSignal (ERROR 707): Unable to find callback function for signal Hangup: 1.
[2019-03-25 16:05:50 *7376.6]	WARNING	swSignalfd_onSignal (ERROR 707): Unable to find callback function for signal Hangup: 1.
[2019-03-25 16:05:50 *7375.5]	WARNING	swSignalfd_onSignal (ERROR 707): Unable to find callback function for signal Hangup: 1.
[2019-03-25 16:05:50 *7374.4]	WARNING	swSignalfd_onSignal (ERROR 707): Unable to find callback function for signal Hangup: 1.
[2019-03-25 16:05:50 *7373.3]	WARNING	swSignalfd_onSignal (ERROR 707): Unable to find callback function for signal Hangup: 1.
[2019-03-25 16:05:50 *7372.2]	WARNING	swSignalfd_onSignal (ERROR 707): Unable to find callback function for signal Hangup: 1.
[2019-03-25 16:05:50 *7371.1]	WARNING	swSignalfd_onSignal (ERROR 707): Unable to find callback function for signal Hangup: 1.
[2019-03-25 16:05:50 *7370.0]	WARNING	swSignalfd_onSignal (ERROR 707): Unable to find callback function for signal Hangup: 1.
[2019-03-25 16:05:50 ^7369.15]	WARNING	swSignal_callback (ERROR 707): Unable to find callback function for signal Hangup: 1.
[2019-03-25 16:05:50 ^7368.14]	WARNING	swSignal_callback (ERROR 707): Unable to find callback function for signal Hangup: 1.
[2019-03-25 16:05:50 ^7367.13]	WARNING	swSignal_callback (ERROR 707): Unable to find callback function for signal Hangup: 1.
[2019-03-25 16:05:50 ^7366.12]	WARNING	swSignal_callback (ERROR 707): Unable to find callback function for signal Hangup: 1.
[2019-03-25 16:05:50 ^7365.11]	WARNING	swSignal_callback (ERROR 707): Unable to find callback function for signal Hangup: 1.
[2019-03-25 16:05:50 ^7364.10]	WARNING	swSignal_callback (ERROR 707): Unable to find callback function for signal Hangup: 1.
[2019-03-25 16:05:50 ^7363.9]	WARNING	swSignal_callback (ERROR 707): Unable to find callback function for signal Hangup: 1.
[2019-03-25 16:05:50 ^7362.8]	WARNING	swSignal_callback (ERROR 707): Unable to find callback function for signal Hangup: 1.
[2019-03-25 16:05:50 $7360.0]	WARNING	swSignal_callback (ERROR 707): Unable to find callback function for signal Hangup: 1.
[2019-03-27 20:34:12 *7377.7]	WARNING	swSignalfd_onSignal (ERROR 707): Unable to find callback function for signal Hangup: 1.
[2019-03-27 20:34:12 *7376.6]	WARNING	swSignalfd_onSignal (ERROR 707): Unable to find callback function for signal Hangup: 1.
[2019-03-27 20:34:12 *7375.5]	WARNING	swSignalfd_onSignal (ERROR 707): Unable to find callback function for signal Hangup: 1.
[2019-03-27 20:34:12 *7374.4]	WARNING	swSignalfd_onSignal (ERROR 707): Unable to find callback function for signal Hangup: 1.
[2019-03-27 20:34:12 *7373.3]	WARNING	swSignalfd_onSignal (ERROR 707): Unable to find callback function for signal Hangup: 1.
[2019-03-27 20:34:12 *7372.2]	WARNING	swSignalfd_onSignal (ERROR 707): Unable to find callback function for signal Hangup: 1.
[2019-03-27 20:34:12 *7371.1]	WARNING	swSignalfd_onSignal (ERROR 707): Unable to find callback function for signal Hangup: 1.
[2019-03-27 20:34:12 *7370.0]	WARNING	swSignalfd_onSignal (ERROR 707): Unable to find callback function for signal Hangup: 1.
[2019-03-27 20:34:12 ^7369.15]	WARNING	swSignal_callback (ERROR 707): Unable to find callback function for signal Hangup: 1.
[2019-03-27 20:34:12 ^7368.14]	WARNING	swSignal_callback (ERROR 707): Unable to find callback function for signal Hangup: 1.
[2019-03-27 20:34:12 ^7367.13]	WARNING	swSignal_callback (ERROR 707): Unable to find callback function for signal Hangup: 1.
[2019-03-27 20:34:12 ^7366.12]	WARNING	swSignal_callback (ERROR 707): Unable to find callback function for signal Hangup: 1.
[2019-03-27 20:34:12 ^7365.11]	WARNING	swSignal_callback (ERROR 707): Unable to find callback function for signal Hangup: 1.
[2019-03-27 20:34:12 ^7364.10]	WARNING	swSignal_callback (ERROR 707): Unable to find callback function for signal Hangup: 1.
[2019-03-27 20:34:12 ^7363.9]	WARNING	swSignal_callback (ERROR 707): Unable to find callback function for signal Hangup: 1.
[2019-03-27 20:34:12 ^7362.8]	WARNING	swSignal_callback (ERROR 707): Unable to find callback function for signal Hangup: 1.
[2019-03-27 20:34:12 $7360.0]	WARNING	swSignal_callback (ERROR 707): Unable to find callback function for signal Hangup: 1.
[2019-03-27 20:34:12 *7473.7]	WARNING	swSignalfd_onSignal (ERROR 707): Unable to find callback function for signal Hangup: 1.
[2019-03-27 20:34:12 *7472.6]	WARNING	swSignalfd_onSignal (ERROR 707): Unable to find callback function for signal Hangup: 1.
[2019-03-27 20:34:12 *7471.5]	WARNING	swSignalfd_onSignal (ERROR 707): Unable to find callback function for signal Hangup: 1.
[2019-03-27 20:34:12 *7470.4]	WARNING	swSignalfd_onSignal (ERROR 707): Unable to find callback function for signal Hangup: 1.
[2019-03-27 20:34:12 *7469.3]	WARNING	swSignalfd_onSignal (ERROR 707): Unable to find callback function for signal Hangup: 1.
[2019-03-27 20:34:12 *7468.2]	WARNING	swSignalfd_onSignal (ERROR 707): Unable to find callback function for signal Hangup: 1.
[2019-03-27 20:34:12 *7467.1]	WARNING	swSignalfd_onSignal (ERROR 707): Unable to find callback function for signal Hangup: 1.
[2019-03-27 20:34:12 *7466.0]	WARNING	swSignalfd_onSignal (ERROR 707): Unable to find callback function for signal Hangup: 1.
[2019-03-27 20:34:12 ^7465.15]	WARNING	swSignal_callback (ERROR 707): Unable to find callback function for signal Hangup: 1.
[2019-03-27 20:34:12 ^7464.14]	WARNING	swSignal_callback (ERROR 707): Unable to find callback function for signal Hangup: 1.
[2019-03-27 20:34:12 ^7463.13]	WARNING	swSignal_callback (ERROR 707): Unable to find callback function for signal Hangup: 1.
[2019-03-27 20:34:12 ^7462.12]	WARNING	swSignal_callback (ERROR 707): Unable to find callback function for signal Hangup: 1.
[2019-03-27 20:34:12 ^7461.11]	WARNING	swSignal_callback (ERROR 707): Unable to find callback function for signal Hangup: 1.
[2019-03-27 20:34:12 ^7460.10]	WARNING	swSignal_callback (ERROR 707): Unable to find callback function for signal Hangup: 1.
[2019-03-27 20:34:12 ^7459.9]	WARNING	swSignal_callback (ERROR 707): Unable to find callback function for signal Hangup: 1.
[2019-03-27 20:34:12 ^7458.8]	WARNING	swSignal_callback (ERROR 707): Unable to find callback function for signal Hangup: 1.
[2019-03-27 20:34:12 $7456.0]	WARNING	swSignal_callback (ERROR 707): Unable to find callback function for signal Hangup: 1.
[2019-03-27 20:34:12 #7455.1]	WARNING	swSignalfd_onSignal (ERROR 707): Unable to find callback function for signal Hangup: 1.
[2019-05-07 20:06:33 $7456.0]	WARNING	swManager_check_exit_status: worker#3[pid=7469] abnormal exit, status=255, signal=0
[2019-05-07 20:07:02 $7456.0]	WARNING	swManager_check_exit_status: worker#2[pid=7468] abnormal exit, status=255, signal=0
